<?xml version="1.0" encoding="utf-8"?><testsuites name="pytest tests"><testsuite name="pytest" errors="0" failures="0" skipped="0" tests="23" time="3.402" timestamp="2026-09-10T16:00:05.972589+00:00" hostname="agent-env-e4237f1d-4e17-4671-83b2-05134086b618"><testcase classname="tests.test_multicountry" name="test_countries_list" time="0.202" /><testcase classname="tests.test_multicountry" name="test_geo_no_headers" time="0.080" /><testcase classname="tests.test_multicountry" name="test_geo_with_header_in" time="0.079" /><testcase classname="tests.test_multicountry" name="test_geo_with_header_gb" time="0.080" /><testcase classname="tests.test_multicountry" name="test_home_in" time="0.093" /><testcase classname="tests.test_multicountry" name="test_home_bad_country" time="0.082" /><testcase classname="tests.test_multicountry" name="test_home_default_us" time="0.090" /><testcase classname="tests.test_multicountry" name="test_search_in" time="0.080" /><testcase classname="tests.test_multicountry" name="test_search_ae" time="0.086" /><testcase classname="tests.test_multicountry" name="test_catalog_au" time="0.085" /><testcase classname="tests.test_multicountry" name="test_listing_au" time="0.100" /><testcase classname="tests.test_multicountry" name="test_listing_wrong_country" time="0.090" /><testcase classname="tests.test_multicountry" name="test_listing_legacy_us" time="0.103" /><testcase classname="tests.test_multicountry" name="test_listing_in_dentists_delhi" time="0.111" /><testcase classname="tests.test_multicountry" name="test_detail_in" time="0.190" /><testcase classname="tests.test_multicountry" name="test_detail_us_legacy" time="0.214" /><testcase classname="tests.test_multicountry" name="test_sitemap_multicountry" time="0.414" /><testcase classname="tests.test_multicountry" name="test_admin_ingest_status_ae" time="0.166" /><testcase classname="tests.test_multicountry" name="test_admin_ingest_status_us_default" time="0.086" /><testcase classname="tests.test_multicountry" name="test_trip_plan_route" time="0.087" /><testcase classname="tests.test_multicountry" name="test_trip_plan_get_by_id" time="0.085" /><testcase classname="tests.test_multicountry" name="test_trip_plan_bad_id" time="0.077" /><testcase classname="tests.test_multicountry" name="test_trip_popular_route" time="0.089" /></testsuite></testsuites>