<?xml version="1.0" encoding="utf-8"?><testsuites name="pytest tests"><testsuite name="pytest" errors="0" failures="1" skipped="0" tests="25" time="5.759" timestamp="2026-09-05T12:17:28.616133+00:00" hostname="agent-env-a47c7d5a-e600-434a-98f8-77d04e7ed8b7"><testcase classname="tests.backend_test" name="test_home_matrix" time="0.346" /><testcase classname="tests.backend_test" name="test_catalog" time="0.063" /><testcase classname="tests.backend_test" name="test_admin_login_ok" time="0.062" /><testcase classname="tests.backend_test" name="test_admin_login_wrong" time="0.061" /><testcase classname="tests.backend_test" name="test_admin_endpoints_require_key" time="0.292" /><testcase classname="tests.backend_test" name="test_admin_stats" time="0.121" /><testcase classname="tests.backend_test" name="test_admin_ingest_status" time="0.120" /><testcase classname="tests.backend_test" name="test_admin_latest_job" time="0.058" /><testcase classname="tests.backend_test" name="test_auth_me_without_token" time="0.100" /><testcase classname="tests.backend_test" name="test_auth_me_with_token" time="0.124" /><testcase classname="tests.backend_test" name="test_auth_logout_ok" time="0.105" /><testcase classname="tests.backend_test" name="test_favorites_unauth" time="0.119" /><testcase classname="tests.backend_test" name="test_favorites_toggle" time="0.393" /><testcase classname="tests.backend_test" name="test_reviews_valid_and_dedup" time="0.396" /><testcase classname="tests.backend_test" name="test_reviews_validation" time="0.347" /><testcase classname="tests.backend_test" name="test_submit_unknown_category" time="0.105"><failure message="assert 422 == 400&#10; +  where 422 = &lt;Response [422]&gt;.status_code">backend/tests/backend_test.py:248: in test_submit_unknown_category
    assert r.status_code == 400
E   assert 422 == 400
E    +  where 422 = &lt;Response [422]&gt;.status_code</failure></testcase><testcase classname="tests.backend_test" name="test_submitted_appears_in_listing" time="0.750" /><testcase classname="tests.backend_test" name="test_my_listings" time="0.104" /><testcase classname="tests.backend_test" name="test_admin_submissions_list" time="0.108" /><testcase classname="tests.backend_test" name="test_admin_approve" time="0.132" /><testcase classname="tests.backend_test" name="test_admin_reject" time="0.230" /><testcase classname="tests.backend_test" name="test_admin_restore_pending" time="0.137" /><testcase classname="tests.backend_test" name="test_google_data_present" time="0.141" /><testcase classname="tests.backend_test" name="test_leads_no_twilio" time="0.117" /><testcase classname="tests.backend_test" name="test_sitemap" time="0.143" /></testsuite></testsuites>